TN:
SF:D:\Слияние\todo-app\src\components\Footer.vue
FN:15,(anonymous_1)
FN:21,(anonymous_2)
FN:25,(anonymous_3)
FN:28,(anonymous_4)
FN:37,(anonymous_5)
FNF:5
FNH:5
FNDA:3,(anonymous_1)
FNDA:3,(anonymous_2)
FNDA:3,(anonymous_3)
FNDA:1,(anonymous_4)
FNDA:1,(anonymous_5)
DA:12,2
DA:16,3
DA:22,3
DA:26,3
DA:29,1
DA:38,1
LF:6
LH:6
BRF:0
BRH:0
end_of_record
TN:
SF:D:\Слияние\todo-app\src\components\Input.vue
FN:14,(anonymous_1)
FN:21,(anonymous_2)
FNF:2
FNH:2
FNDA:3,(anonymous_1)
FNDA:1,(anonymous_2)
DA:12,2
DA:15,3
DA:22,1
DA:23,1
LF:4
LH:4
BRF:0
BRH:0
end_of_record
TN:
SF:D:\Слияние\todo-app\src\components\Task.vue
FN:30,(anonymous_1)
FNF:1
FNH:1
FNDA:1,(anonymous_1)
DA:20,3
DA:31,1
LF:2
LH:2
BRF:0
BRH:0
end_of_record
TN:
SF:D:\Слияние\todo-app\src\components\Tasks.vue
FN:24,(anonymous_1)
FNF:1
FNH:1
FNDA:1,(anonymous_1)
DA:15,2
DA:16,2
DA:25,1
LF:3
LH:3
BRF:0
BRH:0
end_of_record
TN:
SF:D:\Слияние\todo-app\src\views\Home.vue
FN:27,(anonymous_1)
FNF:1
FNH:1
FNDA:1,(anonymous_1)
DA:15,1
DA:16,1
DA:17,1
DA:18,1
DA:28,1
LF:5
LH:5
BRF:0
BRH:0
end_of_record
